<?xml version="1.0" encoding="UTF-8"?>
<testsuite name="hu.bme.mit.train.tachograph.TachographTest" tests="1" skipped="0" failures="0" errors="0" timestamp="2022-05-16T13:18:37" hostname="cloud-44758" time="0.069">
  <properties/>
  <testcase name="notEmptyTest" classname="hu.bme.mit.train.tachograph.TachographTest" time="0.069"/>
  <system-out><![CDATA[]]></system-out>
  <system-err><![CDATA[]]></system-err>
</testsuite>
